Arguments: 
  /nix/store/wl7yqxb1mhghpp6b8icykcm5wysfqarz-nodejs-21.1.0/bin/node /etc/profiles/per-user/tlh/bin/yarn add @svgr

PATH: 
  /nix/store/y6zgvpz4ly0q88i5yaan6ax6yks98q09-zplug-2.4.2/share/zplug/bin:/nix/store/qjdjp2l9plq6xaqr08804y43qhgv7dh6-kitty-0.30.1/bin:/nix/store/wimlq5g8jdqk3i2wk7h31rdxhjyhahv7-imagemagick-7.1.1-21/bin:/nix/store/2kridj093jlhc9x1y5nvn4j35lgigzid-ncurses-6.4-dev/bin:/run/wrappers/bin:/home/tlh/.nix-profile/bin:/nix/profile/bin:/home/tlh/.local/state/nix/profile/bin:/etc/profiles/per-user/tlh/bin:/nix/var/nix/profiles/default/bin:/run/current-system/sw/bin:/home/tlh/.local/bin:/home/tlh/Workspace/go/bin:/home/tlh/.cargo/bin:/home/tlh/.yarn/bin:/home/tlh/.config/.foundry/bin

Yarn version: 
  1.22.19

Node version: 
  21.1.0

Platform: 
  linux x64

Trace: 
  Error: https://registry.yarnpkg.com/@svgr: Request "https://registry.yarnpkg.com/@svgr" returned a 405
      at params.callback [as _callback] (/nix/store/sna1xwqi1s56cp8b7g0pyk2lrvwip0r9-yarn-1.22.19/lib/node_modules/yarn/lib/cli.js:66154:18)
      at self.callback (/nix/store/sna1xwqi1s56cp8b7g0pyk2lrvwip0r9-yarn-1.22.19/lib/node_modules/yarn/lib/cli.js:140890:22)
      at Request.emit (node:events:515:28)
      at Request.<anonymous> (/nix/store/sna1xwqi1s56cp8b7g0pyk2lrvwip0r9-yarn-1.22.19/lib/node_modules/yarn/lib/cli.js:141862:10)
      at Request.emit (node:events:515:28)
      at IncomingMessage.<anonymous> (/nix/store/sna1xwqi1s56cp8b7g0pyk2lrvwip0r9-yarn-1.22.19/lib/node_modules/yarn/lib/cli.js:141784:12)
      at Object.onceWrapper (node:events:629:28)
      at IncomingMessage.emit (node:events:527:35)
      at endReadableNT (node:internal/streams/readable:1589:12)
      at process.processTicksAndRejections (node:internal/process/task_queues:82:21)

npm manifest: 
  {
    "dependencies": {
      "@svgr/plugin-prettier": "^8.1.0",
      "prettier": "^3.0.3"
    }
  }

yarn manifest: 
  No manifest

Lockfile: 
  # THIS IS AN AUTOGENERATED FILE. DO NOT EDIT THIS FILE DIRECTLY.
  # yarn lockfile v1
  
  
  "@svgr/plugin-prettier@^8.1.0":
    version "8.1.0"
    resolved "https://registry.yarnpkg.com/@svgr/plugin-prettier/-/plugin-prettier-8.1.0.tgz#71bf0d0b0ae4c2234a2deb0e5bad21c2cfe31364"
    integrity sha512-o4/uFI8G64tAjBZ4E7gJfH+VP7Qi3T0+M4WnIsP91iFnGPqs5WvPDkpZALXPiyWEtzfYs1Rmwy1Zdfu8qoZuKw==
    dependencies:
      deepmerge "^4.3.1"
      prettier "^2.8.7"
  
  deepmerge@^4.3.1:
    version "4.3.1"
    resolved "https://registry.yarnpkg.com/deepmerge/-/deepmerge-4.3.1.tgz#44b5f2147cd3b00d4b56137685966f26fd25dd4a"
    integrity sha512-3sUqbMEc77XqpdNO7FRyRog+eW3ph+GYCbj+rK+uYyRMuwsVy0rMiVtPn+QJlKFvWP/1PYpapqYn0Me2knFn+A==
  
  prettier@^2.8.7:
    version "2.8.8"
    resolved "https://registry.yarnpkg.com/prettier/-/prettier-2.8.8.tgz#e8c5d7e98a4305ffe3de2e1fc4aca1a71c28b1da"
    integrity sha512-tdN8qQGvNjw4CHbY+XXk0JgCXn9QiF21a55rBe5LJAU+kDyC4WQn4+awm2Xfk2lQMk5fKup9XgzTZtGkjBdP9Q==
  
  prettier@^3.0.3:
    version "3.0.3"
    resolved "https://registry.yarnpkg.com/prettier/-/prettier-3.0.3.tgz#432a51f7ba422d1469096c0fdc28e235db8f9643"
    integrity sha512-L/4pUDMxcNa8R/EthV08Zt42WBO4h1rarVtK0K+QJG0X187OLo7l699jWw0GKuwzkPQ//jMFA/8Xm6Fh3J/DAg==
